<?xml version="1.0" encoding="UTF-8"?>
<!-- Generated by org.testng.reporters.JUnitReportReporter -->
<testsuite hostname="DESKTOP-CSB55GA" name="TravelPhp.TravelPhp.Travelphptests" tests="9" failures="0" timestamp="21 Jun 2020 19:06:05 GMT" time="23.456" errors="0">
  <testcase name="ToCity" time="1.286" classname="TravelPhp.TravelPhp.Travelphptests"/>
  <testcase name="Departdate" time="2.036" classname="TravelPhp.TravelPhp.Travelphptests"/>
  <testcase name="SelectRoundtrip" time="0.130" classname="TravelPhp.TravelPhp.Travelphptests"/>
  <testcase name="SelectAdults" time="0.267" classname="TravelPhp.TravelPhp.Travelphptests"/>
  <testcase name="SearchResult" time="12.443" classname="TravelPhp.TravelPhp.Travelphptests"/>
  <testcase name="FromCity" time="1.090" classname="TravelPhp.TravelPhp.Travelphptests"/>
  <testcase name="Returndate" time="2.074" classname="TravelPhp.TravelPhp.Travelphptests"/>
  <testcase name="SelectChild" time="0.162" classname="TravelPhp.TravelPhp.Travelphptests"/>
  <testcase name="Selectflight" time="3.968" classname="TravelPhp.TravelPhp.Travelphptests"/>
</testsuite> <!-- TravelPhp.TravelPhp.Travelphptests -->
